<?xml version="1.0" encoding="UTF-8"?>
<testsuite xmlns:xsi="http://www.w3.org/2001/XMLSchema-instance" xsi:noNamespaceSchemaLocation="https://maven.apache.org/surefire/maven-surefire-plugin/xsd/surefire-test-report-3.0.xsd" version="3.0" name="TestSuite" time="95.709" tests="11" errors="0" skipped="0" failures="1">
  <properties>
    <property name="sun.desktop" value="windows"/>
    <property name="awt.toolkit" value="sun.awt.windows.WToolkit"/>
    <property name="java.specification.version" value="12"/>
    <property name="webdriver.chrome.driver" value="C:\Users\rabin\Downloads\Driver\chromedriver.exe"/>
    <property name="sun.cpu.isalist" value="amd64"/>
    <property name="sun.jnu.encoding" value="Cp1252"/>
    <property name="java.class.path" value="C:\Users\rabin\OneDrive\Documents\E2EMylinknp\Mylinknp\target\test-classes;C:\Users\rabin\OneDrive\Documents\E2EMylinknp\Mylinknp\target\classes;C:\Users\rabin\.m2\repository\org\seleniumhq\selenium\selenium-java\4.0.0-alpha-3\selenium-java-4.0.0-alpha-3.jar;C:\Users\rabin\.m2\repository\org\seleniumhq\selenium\selenium-api\4.0.0-alpha-3\selenium-api-4.0.0-alpha-3.jar;C:\Users\rabin\.m2\repository\org\seleniumhq\selenium\selenium-chrome-driver\4.0.0-alpha-3\selenium-chrome-driver-4.0.0-alpha-3.jar;C:\Users\rabin\.m2\repository\com\google\guava\guava\27.1-jre\guava-27.1-jre.jar;C:\Users\rabin\.m2\repository\com\google\guava\failureaccess\1.0.1\failureaccess-1.0.1.jar;C:\Users\rabin\.m2\repository\com\google\guava\listenablefuture\9999.0-empty-to-avoid-conflict-with-guava\listenablefuture-9999.0-empty-to-avoid-conflict-with-guava.jar;C:\Users\rabin\.m2\repository\com\google\code\findbugs\jsr305\3.0.2\jsr305-3.0.2.jar;C:\Users\rabin\.m2\repository\org\checkerframework\checker-qual\2.5.2\checker-qual-2.5.2.jar;C:\Users\rabin\.m2\repository\com\google\errorprone\error_prone_annotations\2.2.0\error_prone_annotations-2.2.0.jar;C:\Users\rabin\.m2\repository\com\google\j2objc\j2objc-annotations\1.1\j2objc-annotations-1.1.jar;C:\Users\rabin\.m2\repository\org\codehaus\mojo\animal-sniffer-annotations\1.17\animal-sniffer-annotations-1.17.jar;C:\Users\rabin\.m2\repository\org\seleniumhq\selenium\selenium-chromium-driver\4.0.0-alpha-3\selenium-chromium-driver-4.0.0-alpha-3.jar;C:\Users\rabin\.m2\repository\org\seleniumhq\selenium\selenium-devtools\4.0.0-alpha-3\selenium-devtools-4.0.0-alpha-3.jar;C:\Users\rabin\.m2\repository\org\seleniumhq\selenium\selenium-http\4.0.0-alpha-3\selenium-http-4.0.0-alpha-3.jar;C:\Users\rabin\.m2\repository\org\seleniumhq\selenium\selenium-json\4.0.0-alpha-3\selenium-json-4.0.0-alpha-3.jar;C:\Users\rabin\.m2\repository\org\seleniumhq\selenium\selenium-edge-driver\4.0.0-alpha-3\selenium-edge-driver-4.0.0-alpha-3.jar;C:\Users\rabin\.m2\repository\org\seleniumhq\selenium\selenium-edgehtml-driver\4.0.0-alpha-3\selenium-edgehtml-driver-4.0.0-alpha-3.jar;C:\Users\rabin\.m2\repository\org\seleniumhq\selenium\selenium-firefox-driver\4.0.0-alpha-3\selenium-firefox-driver-4.0.0-alpha-3.jar;C:\Users\rabin\.m2\repository\org\seleniumhq\selenium\selenium-firefox-xpi-driver\4.0.0-alpha-3\selenium-firefox-xpi-driver-4.0.0-alpha-3.jar;C:\Users\rabin\.m2\repository\org\seleniumhq\selenium\selenium-ie-driver\4.0.0-alpha-3\selenium-ie-driver-4.0.0-alpha-3.jar;C:\Users\rabin\.m2\repository\org\seleniumhq\selenium\selenium-opera-driver\4.0.0-alpha-3\selenium-opera-driver-4.0.0-alpha-3.jar;C:\Users\rabin\.m2\repository\org\seleniumhq\selenium\selenium-remote-driver\4.0.0-alpha-3\selenium-remote-driver-4.0.0-alpha-3.jar;C:\Users\rabin\.m2\repository\com\squareup\okhttp3\okhttp\4.0.1\okhttp-4.0.1.jar;C:\Users\rabin\.m2\repository\com\squareup\okio\okio\2.2.2\okio-2.2.2.jar;C:\Users\rabin\.m2\repository\org\jetbrains\kotlin\kotlin-stdlib\1.3.40\kotlin-stdlib-1.3.40.jar;C:\Users\rabin\.m2\repository\org\jetbrains\kotlin\kotlin-stdlib-common\1.3.40\kotlin-stdlib-common-1.3.40.jar;C:\Users\rabin\.m2\repository\org\jetbrains\annotations\13.0\annotations-13.0.jar;C:\Users\rabin\.m2\repository\io\opentracing\opentracing-api\0.33.0\opentracing-api-0.33.0.jar;C:\Users\rabin\.m2\repository\net\bytebuddy\byte-buddy\1.9.12\byte-buddy-1.9.12.jar;C:\Users\rabin\.m2\repository\org\apache\commons\commons-exec\1.3\commons-exec-1.3.jar;C:\Users\rabin\.m2\repository\org\seleniumhq\selenium\selenium-safari-driver\4.0.0-alpha-3\selenium-safari-driver-4.0.0-alpha-3.jar;C:\Users\rabin\.m2\repository\org\seleniumhq\selenium\selenium-support\4.0.0-alpha-3\selenium-support-4.0.0-alpha-3.jar;C:\Users\rabin\.m2\repository\org\testng\testng\7.1.0\testng-7.1.0.jar;C:\Users\rabin\.m2\repository\com\beust\jcommander\1.72\jcommander-1.72.jar;C:\Users\rabin\.m2\repository\com\google\inject\guice\4.1.0\guice-4.1.0-no_aop.jar;C:\Users\rabin\.m2\repository\javax\inject\javax.inject\1\javax.inject-1.jar;C:\Users\rabin\.m2\repository\aopalliance\aopalliance\1.0\aopalliance-1.0.jar;C:\Users\rabin\.m2\repository\org\yaml\snakeyaml\1.21\snakeyaml-1.21.jar;C:\Users\rabin\.m2\repository\io\rest-assured\rest-assured\4.1.2\rest-assured-4.1.2.jar;C:\Users\rabin\.m2\repository\org\codehaus\groovy\groovy\2.5.8\groovy-2.5.8.jar;C:\Users\rabin\.m2\repository\org\codehaus\groovy\groovy-xml\2.5.8\groovy-xml-2.5.8.jar;C:\Users\rabin\.m2\repository\org\apache\httpcomponents\httpclient\4.5.3\httpclient-4.5.3.jar;C:\Users\rabin\.m2\repository\org\apache\httpcomponents\httpcore\4.4.6\httpcore-4.4.6.jar;C:\Users\rabin\.m2\repository\commons-logging\commons-logging\1.2\commons-logging-1.2.jar;C:\Users\rabin\.m2\repository\commons-codec\commons-codec\1.9\commons-codec-1.9.jar;C:\Users\rabin\.m2\repository\org\apache\httpcomponents\httpmime\4.5.3\httpmime-4.5.3.jar;C:\Users\rabin\.m2\repository\org\hamcrest\hamcrest\2.1\hamcrest-2.1.jar;C:\Users\rabin\.m2\repository\org\ccil\cowan\tagsoup\tagsoup\1.2.1\tagsoup-1.2.1.jar;C:\Users\rabin\.m2\repository\io\rest-assured\json-path\4.1.2\json-path-4.1.2.jar;C:\Users\rabin\.m2\repository\org\codehaus\groovy\groovy-json\2.5.8\groovy-json-2.5.8.jar;C:\Users\rabin\.m2\repository\io\rest-assured\rest-assured-common\4.1.2\rest-assured-common-4.1.2.jar;C:\Users\rabin\.m2\repository\io\rest-assured\xml-path\4.1.2\xml-path-4.1.2.jar;C:\Users\rabin\.m2\repository\org\apache\commons\commons-lang3\3.4\commons-lang3-3.4.jar;C:\Users\rabin\.m2\repository\javax\xml\bind\jaxb-api\2.3.1\jaxb-api-2.3.1.jar;C:\Users\rabin\.m2\repository\javax\activation\javax.activation-api\1.2.0\javax.activation-api-1.2.0.jar;C:\Users\rabin\.m2\repository\com\sun\xml\bind\jaxb-osgi\2.3.0.1\jaxb-osgi-2.3.0.1.jar;C:\Users\rabin\.m2\repository\org\apache\sling\org.apache.sling.javax.activation\0.1.0\org.apache.sling.javax.activation-0.1.0.jar;C:\Users\rabin\.m2\repository\javax\activation\activation\1.1.1\activation-1.1.1.jar;"/>
    <property name="java.vm.vendor" value="Oracle Corporation"/>
    <property name="sun.arch.data.model" value="64"/>
    <property name="user.variant" value=""/>
    <property name="java.vendor.url" value="https://java.oracle.com/"/>
    <property name="user.timezone" value="America/New_York"/>
    <property name="os.name" value="Windows 10"/>
    <property name="java.vm.specification.version" value="12"/>
    <property name="sun.java.launcher" value="SUN_STANDARD"/>
    <property name="user.country" value="US"/>
    <property name="sun.boot.library.path" value="C:\Program Files\Java\jdk-12.0.2\bin"/>
    <property name="sun.java.command" value="C:\Users\rabin\AppData\Local\Temp\surefire3781086375006742049\surefirebooter15091727145237165448.jar C:\Users\rabin\AppData\Local\Temp\surefire3781086375006742049 2020-01-11T10-28-11_825-jvmRun1 surefire7314668542913412754tmp surefire_01798026719479952463tmp"/>
    <property name="jdk.debug" value="release"/>
    <property name="surefire.test.class.path" value="C:\Users\rabin\OneDrive\Documents\E2EMylinknp\Mylinknp\target\test-classes;C:\Users\rabin\OneDrive\Documents\E2EMylinknp\Mylinknp\target\classes;C:\Users\rabin\.m2\repository\org\seleniumhq\selenium\selenium-java\4.0.0-alpha-3\selenium-java-4.0.0-alpha-3.jar;C:\Users\rabin\.m2\repository\org\seleniumhq\selenium\selenium-api\4.0.0-alpha-3\selenium-api-4.0.0-alpha-3.jar;C:\Users\rabin\.m2\repository\org\seleniumhq\selenium\selenium-chrome-driver\4.0.0-alpha-3\selenium-chrome-driver-4.0.0-alpha-3.jar;C:\Users\rabin\.m2\repository\com\google\guava\guava\27.1-jre\guava-27.1-jre.jar;C:\Users\rabin\.m2\repository\com\google\guava\failureaccess\1.0.1\failureaccess-1.0.1.jar;C:\Users\rabin\.m2\repository\com\google\guava\listenablefuture\9999.0-empty-to-avoid-conflict-with-guava\listenablefuture-9999.0-empty-to-avoid-conflict-with-guava.jar;C:\Users\rabin\.m2\repository\com\google\code\findbugs\jsr305\3.0.2\jsr305-3.0.2.jar;C:\Users\rabin\.m2\repository\org\checkerframework\checker-qual\2.5.2\checker-qual-2.5.2.jar;C:\Users\rabin\.m2\repository\com\google\errorprone\error_prone_annotations\2.2.0\error_prone_annotations-2.2.0.jar;C:\Users\rabin\.m2\repository\com\google\j2objc\j2objc-annotations\1.1\j2objc-annotations-1.1.jar;C:\Users\rabin\.m2\repository\org\codehaus\mojo\animal-sniffer-annotations\1.17\animal-sniffer-annotations-1.17.jar;C:\Users\rabin\.m2\repository\org\seleniumhq\selenium\selenium-chromium-driver\4.0.0-alpha-3\selenium-chromium-driver-4.0.0-alpha-3.jar;C:\Users\rabin\.m2\repository\org\seleniumhq\selenium\selenium-devtools\4.0.0-alpha-3\selenium-devtools-4.0.0-alpha-3.jar;C:\Users\rabin\.m2\repository\org\seleniumhq\selenium\selenium-http\4.0.0-alpha-3\selenium-http-4.0.0-alpha-3.jar;C:\Users\rabin\.m2\repository\org\seleniumhq\selenium\selenium-json\4.0.0-alpha-3\selenium-json-4.0.0-alpha-3.jar;C:\Users\rabin\.m2\repository\org\seleniumhq\selenium\selenium-edge-driver\4.0.0-alpha-3\selenium-edge-driver-4.0.0-alpha-3.jar;C:\Users\rabin\.m2\repository\org\seleniumhq\selenium\selenium-edgehtml-driver\4.0.0-alpha-3\selenium-edgehtml-driver-4.0.0-alpha-3.jar;C:\Users\rabin\.m2\repository\org\seleniumhq\selenium\selenium-firefox-driver\4.0.0-alpha-3\selenium-firefox-driver-4.0.0-alpha-3.jar;C:\Users\rabin\.m2\repository\org\seleniumhq\selenium\selenium-firefox-xpi-driver\4.0.0-alpha-3\selenium-firefox-xpi-driver-4.0.0-alpha-3.jar;C:\Users\rabin\.m2\repository\org\seleniumhq\selenium\selenium-ie-driver\4.0.0-alpha-3\selenium-ie-driver-4.0.0-alpha-3.jar;C:\Users\rabin\.m2\repository\org\seleniumhq\selenium\selenium-opera-driver\4.0.0-alpha-3\selenium-opera-driver-4.0.0-alpha-3.jar;C:\Users\rabin\.m2\repository\org\seleniumhq\selenium\selenium-remote-driver\4.0.0-alpha-3\selenium-remote-driver-4.0.0-alpha-3.jar;C:\Users\rabin\.m2\repository\com\squareup\okhttp3\okhttp\4.0.1\okhttp-4.0.1.jar;C:\Users\rabin\.m2\repository\com\squareup\okio\okio\2.2.2\okio-2.2.2.jar;C:\Users\rabin\.m2\repository\org\jetbrains\kotlin\kotlin-stdlib\1.3.40\kotlin-stdlib-1.3.40.jar;C:\Users\rabin\.m2\repository\org\jetbrains\kotlin\kotlin-stdlib-common\1.3.40\kotlin-stdlib-common-1.3.40.jar;C:\Users\rabin\.m2\repository\org\jetbrains\annotations\13.0\annotations-13.0.jar;C:\Users\rabin\.m2\repository\io\opentracing\opentracing-api\0.33.0\opentracing-api-0.33.0.jar;C:\Users\rabin\.m2\repository\net\bytebuddy\byte-buddy\1.9.12\byte-buddy-1.9.12.jar;C:\Users\rabin\.m2\repository\org\apache\commons\commons-exec\1.3\commons-exec-1.3.jar;C:\Users\rabin\.m2\repository\org\seleniumhq\selenium\selenium-safari-driver\4.0.0-alpha-3\selenium-safari-driver-4.0.0-alpha-3.jar;C:\Users\rabin\.m2\repository\org\seleniumhq\selenium\selenium-support\4.0.0-alpha-3\selenium-support-4.0.0-alpha-3.jar;C:\Users\rabin\.m2\repository\org\testng\testng\7.1.0\testng-7.1.0.jar;C:\Users\rabin\.m2\repository\com\beust\jcommander\1.72\jcommander-1.72.jar;C:\Users\rabin\.m2\repository\com\google\inject\guice\4.1.0\guice-4.1.0-no_aop.jar;C:\Users\rabin\.m2\repository\javax\inject\javax.inject\1\javax.inject-1.jar;C:\Users\rabin\.m2\repository\aopalliance\aopalliance\1.0\aopalliance-1.0.jar;C:\Users\rabin\.m2\repository\org\yaml\snakeyaml\1.21\snakeyaml-1.21.jar;C:\Users\rabin\.m2\repository\io\rest-assured\rest-assured\4.1.2\rest-assured-4.1.2.jar;C:\Users\rabin\.m2\repository\org\codehaus\groovy\groovy\2.5.8\groovy-2.5.8.jar;C:\Users\rabin\.m2\repository\org\codehaus\groovy\groovy-xml\2.5.8\groovy-xml-2.5.8.jar;C:\Users\rabin\.m2\repository\org\apache\httpcomponents\httpclient\4.5.3\httpclient-4.5.3.jar;C:\Users\rabin\.m2\repository\org\apache\httpcomponents\httpcore\4.4.6\httpcore-4.4.6.jar;C:\Users\rabin\.m2\repository\commons-logging\commons-logging\1.2\commons-logging-1.2.jar;C:\Users\rabin\.m2\repository\commons-codec\commons-codec\1.9\commons-codec-1.9.jar;C:\Users\rabin\.m2\repository\org\apache\httpcomponents\httpmime\4.5.3\httpmime-4.5.3.jar;C:\Users\rabin\.m2\repository\org\hamcrest\hamcrest\2.1\hamcrest-2.1.jar;C:\Users\rabin\.m2\repository\org\ccil\cowan\tagsoup\tagsoup\1.2.1\tagsoup-1.2.1.jar;C:\Users\rabin\.m2\repository\io\rest-assured\json-path\4.1.2\json-path-4.1.2.jar;C:\Users\rabin\.m2\repository\org\codehaus\groovy\groovy-json\2.5.8\groovy-json-2.5.8.jar;C:\Users\rabin\.m2\repository\io\rest-assured\rest-assured-common\4.1.2\rest-assured-common-4.1.2.jar;C:\Users\rabin\.m2\repository\io\rest-assured\xml-path\4.1.2\xml-path-4.1.2.jar;C:\Users\rabin\.m2\repository\org\apache\commons\commons-lang3\3.4\commons-lang3-3.4.jar;C:\Users\rabin\.m2\repository\javax\xml\bind\jaxb-api\2.3.1\jaxb-api-2.3.1.jar;C:\Users\rabin\.m2\repository\javax\activation\javax.activation-api\1.2.0\javax.activation-api-1.2.0.jar;C:\Users\rabin\.m2\repository\com\sun\xml\bind\jaxb-osgi\2.3.0.1\jaxb-osgi-2.3.0.1.jar;C:\Users\rabin\.m2\repository\org\apache\sling\org.apache.sling.javax.activation\0.1.0\org.apache.sling.javax.activation-0.1.0.jar;C:\Users\rabin\.m2\repository\javax\activation\activation\1.1.1\activation-1.1.1.jar;"/>
    <property name="sun.cpu.endian" value="little"/>
    <property name="user.home" value="C:\Users\rabin"/>
    <property name="user.language" value="en"/>
    <property name="java.specification.vendor" value="Oracle Corporation"/>
    <property name="java.version.date" value="2019-07-16"/>
    <property name="java.home" value="C:\Program Files\Java\jdk-12.0.2"/>
    <property name="file.separator" value="\"/>
    <property name="basedir" value="C:\Users\rabin\OneDrive\Documents\E2EMylinknp\Mylinknp"/>
    <property name="java.vm.compressedOopsMode" value="32-bit"/>
    <property name="line.separator" value="&#10;"/>
    <property name="java.vm.specification.vendor" value="Oracle Corporation"/>
    <property name="java.specification.name" value="Java Platform API Specification"/>
    <property name="java.awt.graphicsenv" value="sun.awt.Win32GraphicsEnvironment"/>
    <property name="surefire.real.class.path" value="C:\Users\rabin\AppData\Local\Temp\surefire3781086375006742049\surefirebooter15091727145237165448.jar"/>
    <property name="user.script" value=""/>
    <property name="sun.management.compiler" value="HotSpot 64-Bit Tiered Compilers"/>
    <property name="java.runtime.version" value="12.0.2+10"/>
    <property name="user.name" value="rabin"/>
    <property name="path.separator" value=";"/>
    <property name="os.version" value="10.0"/>
    <property name="java.runtime.name" value="Java(TM) SE Runtime Environment"/>
    <property name="file.encoding" value="Cp1252"/>
    <property name="java.vm.name" value="Java HotSpot(TM) 64-Bit Server VM"/>
    <property name="localRepository" value="C:\Users\rabin\.m2\repository"/>
    <property name="java.vendor.url.bug" value="https://bugreport.java.com/bugreport/"/>
    <property name="java.io.tmpdir" value="C:\Users\rabin\AppData\Local\Temp\"/>
    <property name="java.version" value="12.0.2"/>
    <property name="user.dir" value="C:\Users\rabin\OneDrive\Documents\E2EMylinknp\Mylinknp"/>
    <property name="os.arch" value="amd64"/>
    <property name="java.vm.specification.name" value="Java Virtual Machine Specification"/>
    <property name="sun.os.patch.level" value=""/>
    <property name="java.library.path" value="C:\Program Files\Java\jdk-12.0.2\bin;C:\WINDOWS\Sun\Java\bin;C:\WINDOWS\system32;C:\WINDOWS;C:\Program Files (x86)\Common Files\Oracle\Java\javapath;C:\ProgramData\Oracle\Java\javapath;C:\WINDOWS\system32;C:\WINDOWS;C:\WINDOWS\System32\Wbem;C:\WINDOWS\System32\WindowsPowerShell\v1.0\;C:\Program Files (x86)\Microsoft SQL Server\140\Tools\Binn\;C:\Program Files\Microsoft SQL Server\140\Tools\Binn\;C:\Program Files (x86)\Microsoft SQL Server\140\DTS\Binn\;C:\Program Files\Microsoft SQL Server\140\DTS\Binn\;C:\Program Files\Microsoft SQL Server\Client SDK\ODBC\130\Tools\Binn\;C:\Program Files (x86)\Microsoft SQL Server\Client SDK\ODBC\130\Tools\Binn\;C:\Program Files (x86)\Microsoft SQL Server\140\Tools\Binn\ManagementStudio\;C:\WINDOWS\System32\OpenSSH\;C:\Program Files\apache-maven-3.5.4\bin;%JAVA_HOME\bin;%JRE_HOME%\bin;C:\Program Files\Java\jdk\bin;C:\Program Files\nodejs\;C:\Program Files\nodejs\node_modules\npm\bin;C:\Users\rabin\AppData\Local\Android\Sdk\platforms;C:\Users\rabin\AppData\Local\Android\Sdk\platform-tools;C:\Users\rabin\AppData\Local\Android\Sdk\tools;C:\Users\rabin\AppData\Local\Android\Sdk\tools\bin;C:\Users\rabin\AppData\Local\Android\Sdk\emulator;C:\Program Files\Java\jdk-12.0.2\bin;C:\Program Files\Java\jre1.8.0_221\bin;C:\Users\rabin\AppData\Local\Programs\Python\Python37\Scripts\;C:\Users\rabin\AppData\Local\Programs\Python\Python37\;C:\Users\rabin\AppData\Local\Microsoft\WindowsApps;C:\Program Files\JetBrains\PyCharm Community Edition 2019.1\bin;;C:\Users\rabin\AppData\Roaming\npm;;C:\Users\rabin\AppData\Local\Programs\Microsoft VS Code\bin;."/>
    <property name="java.vm.info" value="mixed mode, sharing"/>
    <property name="java.vendor" value="Oracle Corporation"/>
    <property name="java.vm.version" value="12.0.2+10"/>
    <property name="sun.io.unicode.encoding" value="UnicodeLittle"/>
    <property name="java.class.version" value="56.0"/>
  </properties>
  <testcase name="VerifyCharecterinPW" classname="E2EProject.NegativeLoginTest" time="1.333"/>
  <testcase name="VerifyInvalidPWblanks" classname="E2EProject.NegativeLoginTest" time="1.429">
    <failure message="Failed to login: Invalid username or password expected [true] but found [false]" type="java.lang.AssertionError"><![CDATA[java.lang.AssertionError: Failed to login: Invalid username or password expected [true] but found [false]
	at E2EProject.NegativeLoginTest.VerifyInvalidPWblanks(NegativeLoginTest.java:90)
]]></failure>
    <system-out><![CDATA[Failed to login: Invalid username or password
]]></system-out>
    <system-err><![CDATA[Starting ChromeDriver 79.0.3945.36 (3582db32b33893869b8c1339e8f4d9ed1816f143-refs/branch-heads/3945@{#614}) on port 43337
Only local connections are allowed.
Please protect ports used by ChromeDriver and related test frameworks to prevent access by malicious code.
Jan 11, 2020 10:28:26 AM org.openqa.selenium.remote.ProtocolHandshake createSession
INFO: Detected dialect: W3C
]]></system-err>
  </testcase>
  <testcase name="VerifyInvalidUserName" classname="E2EProject.NegativeLoginTest" time="1.277"/>
  <testcase name="VerifyNumberPW" classname="E2EProject.NegativeLoginTest" time="1.406"/>
  <testcase name="VerifyNumberinUserID" classname="E2EProject.NegativeLoginTest" time="1.195"/>
  <testcase name="VerifyUserNamrEmty" classname="E2EProject.NegativeLoginTest" time="1.241"/>
  <testcase name="VerifyUsernamePWblanks" classname="E2EProject.NegativeLoginTest" time="1.192"/>
  <testcase name="verifyInvalidPW" classname="E2EProject.NegativeLoginTest" time="1.438"/>
  <testcase name="verifyValidLoginTest" classname="E2EProject.TitleTest" time="0.013"/>
  <testcase name="LogOutTest" classname="E2EProject.ValidLoginTest" time="6.57"/>
  <testcase name="verifyValidLoginTest" classname="E2EProject.ValidLoginTest" time="1.182"/>
</testsuite>