<?xml version="1.0" encoding="UTF-8"?>
<!-- Generated by org.testng.reporters.JUnitReportReporter -->
<testsuite skipped="0" hostname="DESKTOP-KF37VH8" name="E2EProject.TitleTesting" tests="1" failures="0" timestamp="2020-01-10T19:26:31 EST" time="6.384" errors="0">
  <testcase name="verifyValidLoginTest" time="6.384" classname="E2EProject.TitleTesting"/>
  <system-out/>
</testsuite> <!-- E2EProject.TitleTesting -->
