<?xml version="1.0" encoding="UTF-8"?>
<!-- Generated by org.testng.reporters.JUnitReportReporter -->
<testsuite skipped="0" hostname="DESKTOP-KF37VH8" name="E2EProject.TitleTest" tests="1" failures="0" timestamp="2020-01-11T10:18:48 EST" time="7.279" errors="0">
  <testcase name="verifyValidLoginTest" time="7.279" classname="E2EProject.TitleTest"/>
  <system-out/>
</testsuite> <!-- E2EProject.TitleTest -->
