<?xml version="1.0" encoding="UTF-8"?>
<!-- Generated by org.testng.reporters.JUnitReportReporter -->
<testsuite skipped="0" hostname="DESKTOP-KF37VH8" name="E2EProject.ValidLoginTest" tests="2" failures="0" timestamp="2020-01-11T10:18:48 EST" time="21.829" errors="0">
  <testcase name="LogOutTest" time="12.747" classname="E2EProject.ValidLoginTest"/>
  <system-out/>
  <testcase name="verifyValidLoginTest" time="9.082" classname="E2EProject.ValidLoginTest"/>
  <system-out/>
</testsuite> <!-- E2EProject.ValidLoginTest -->
