<?xml version="1.0" encoding="UTF-8"?>
<!-- Generated by org.testng.reporters.JUnitReportReporter -->
<testsuite hostname="DESKTOP-KF37VH8" failures="0" tests="1" name="E2EProject.TitleTest" time="6.114" errors="0" timestamp="2020-01-11T10:29:49 EST" skipped="0">
  <testcase classname="E2EProject.TitleTest" name="verifyValidLoginTest" time="6.114"/>
  <system-out/>
</testsuite> <!-- E2EProject.TitleTest -->
