<?xml version="1.0" encoding="UTF-8"?>
<!-- Generated by org.testng.reporters.JUnitReportReporter -->
<testsuite hostname="DESKTOP-KF37VH8" failures="0" tests="2" name="E2EProject.ValidLoginTest" time="21.912" errors="0" timestamp="2020-01-11T10:29:49 EST" skipped="0">
  <testcase classname="E2EProject.ValidLoginTest" name="LogOutTest" time="13.974"/>
  <system-out/>
  <testcase classname="E2EProject.ValidLoginTest" name="verifyValidLoginTest" time="7.938"/>
  <system-out/>
</testsuite> <!-- E2EProject.ValidLoginTest -->
